<?xml version="1.0" encoding="UTF-8"?>
<testng-results ignored="0" total="1" passed="1" failed="0" skipped="0">
  <reporter-output>
  </reporter-output>
  <suite started-at="2024-03-02T10:00:22Z" name="Default suite" finished-at="2024-03-02T10:00:27Z" duration-ms="5439">
    <groups>
    </groups>
    <test started-at="2024-03-02T10:00:22Z" name="Default test" finished-at="2024-03-02T10:00:27Z" duration-ms="5439">
      <class name="com.tools.qa.testcases.ElementsPageTest">
        <test-method is-config="true" signature="setUp()[pri:0, instance:com.tools.qa.testcases.ElementsPageTest@73d983ea]" started-at="2024-03-02T15:30:22Z" name="setUp" finished-at="2024-03-02T15:30:27Z" duration-ms="5021" status="PASS">
          <reporter-output>
          </reporter-output>
        </test-method> <!-- setUp -->
        <test-method signature="verifyContactsPageLabel()[pri:1, instance:com.tools.qa.testcases.ElementsPageTest@73d983ea]" started-at="2024-03-02T15:30:27Z" name="verifyContactsPageLabel" finished-at="2024-03-02T15:30:27Z" duration-ms="202" status="PASS">
          <reporter-output>
          </reporter-output>
        </test-method> <!-- verifyContactsPageLabel -->
        <test-method is-config="true" signature="tearDown()[pri:0, instance:com.tools.qa.testcases.ElementsPageTest@73d983ea]" started-at="2024-03-02T15:30:27Z" name="tearDown" finished-at="2024-03-02T15:30:27Z" duration-ms="197" status="PASS">
          <reporter-output>
          </reporter-output>
        </test-method> <!-- tearDown -->
      </class> <!-- com.tools.qa.testcases.ElementsPageTest -->
    </test> <!-- Default test -->
  </suite> <!-- Default suite -->
</testng-results>
